[2020/02/27 18:57:05][CONFIG][initService]  Starting service...
[2020/02/27 18:57:05][CONFIG][currentConfigs]  Scheme: http://
[2020/02/27 18:57:05][CONFIG][currentConfigs]  Hostname: 0.0.0.0
[2020/02/27 18:57:05][CONFIG][currentConfigs]  Port: 12345
[2020/02/27 18:57:05][CONFIG][currentConfigs]  Path: /api/g
[2020/02/27 18:57:05][CONFIG][currentConfigs]  Logger output directory: ./logs/
[2020/02/27 18:57:05][CONFIG][currentConfigs]  Database hostname: localhost
[2020/02/27 18:57:05][CONFIG][currentConfigs]  Database port: 3310
[2020/02/27 18:57:05][CONFIG][currentConfigs]  Database username: cs122bg8
[2020/02/27 18:57:05][CONFIG][currentConfigs]  Database password provided? true
[2020/02/27 18:57:05][CONFIG][currentConfigs]  Database name: cs122bg8
[2020/02/27 18:57:05][CONFIG][currentConfigs]  Database driver: com.mysql.cj.jdbc.Driver
[2020/02/27 18:57:05][CONFIG][currentConfigs]  Database connection settings: ?autoReconnect=true&useJDBCCompliantTimezoneShift=true&useLegacyDatetimeCode=false&serverTimezone=PST
[2020/02/27 18:57:05][CONFIG][currentConfigs]  IDM Scheme: http://
[2020/02/27 18:57:05][CONFIG][currentConfigs]  IDM Hostname: 0.0.0.0
[2020/02/27 18:57:05][CONFIG][currentConfigs]  IDM Port: 12346
[2020/02/27 18:57:05][CONFIG][currentConfigs]  IDM Path: /api/idm
[2020/02/27 18:57:05][CONFIG][currentConfigs]  IDM Endpoints: 
	/register
	/login
	/session
	/privilege
[2020/02/27 18:57:05][CONFIG][currentConfigs]  Movies Scheme: http://
[2020/02/27 18:57:05][CONFIG][currentConfigs]  Movies Hostname: 0.0.0.0
[2020/02/27 18:57:05][CONFIG][currentConfigs]  Movies Port: 12347
[2020/02/27 18:57:05][CONFIG][currentConfigs]  Movies Path: /api/movies
[2020/02/27 18:57:05][CONFIG][currentConfigs]  Movies Endpoints: 
	/search
	/browse/
	/get/
	/thumbnail
	/people
	/people/search
	/people/get/
[2020/02/27 18:57:05][CONFIG][currentConfigs]  Billing Scheme: http://
[2020/02/27 18:57:05][CONFIG][currentConfigs]  Billing Hostname: 0.0.0.0
[2020/02/27 18:57:05][CONFIG][currentConfigs]  Billing Port: 12348
[2020/02/27 18:57:05][CONFIG][currentConfigs]  Billing Path: /api/billing
[2020/02/27 18:57:05][CONFIG][currentConfigs]  Billing Endpoints: 
	/cart/insert
	/cart/update
	/cart/delete
	/cart/retrieve
	/cart/clear
	/order/place
	/order/retrieve
	/order/complete
[2020/02/27 18:57:05][CONFIG][currentConfigs]  Number of Threads: 10
[2020/02/27 18:57:05][CONFIG][currentConfigs]  Request Delay: 5
[2020/02/27 18:57:06][INFO][run]  Thread: 0 is online.
[2020/02/27 18:57:06][INFO][run]  Thread: 5 is online.
[2020/02/27 18:57:06][INFO][run]  Thread: 4 is online.
[2020/02/27 18:57:06][INFO][run]  Thread: 3 is online.
[2020/02/27 18:57:06][INFO][run]  Thread: 2 is online.
[2020/02/27 18:57:06][INFO][run]  Thread: 1 is online.
[2020/02/27 18:57:06][INFO][run]  Thread: 7 is online.
[2020/02/27 18:57:06][INFO][run]  Thread: 6 is online.
[2020/02/27 18:57:06][INFO][run]  Thread: 8 is online.
[2020/02/27 18:57:06][CONFIG][initHTTPServer]  Initializing HTTP server...
[2020/02/27 18:57:06][INFO][run]  Thread: 9 is online.
[2020/02/27 18:57:06][CONFIG][initHTTPServer]  Building URI from configs...
[2020/02/27 18:57:06][CONFIG][initHTTPServer]  Final URI: http://0.0.0.0:12345/api/g
[2020/02/27 18:57:06][CONFIG][initHTTPServer]  Set Jersey resources.
[2020/02/27 18:57:06][CONFIG][initHTTPServer]  Set Jackson as serializer.
[2020/02/27 18:57:06][CONFIG][initHTTPServer]  Starting HTTP server...
[2020/02/27 18:57:07][CONFIG][initHTTPServer]  HTTP server started.
[2020/02/27 18:57:07][CONFIG][initService]  Service initialized.
[2020/02/27 18:58:07][INFO][verifySession]  building client ... 
[2020/02/27 18:58:07][INFO][verifySession]  Starting invocation builder.. 
[2020/02/27 18:58:07][INFO][verifySession]  Sending request ...
[2020/02/27 18:58:08][INFO][verifySession]  Request sent
[2020/02/27 18:58:08][INFO][verifySession]  Recieved status 200
[2020/02/27 18:58:08][INFO][validSession]  getting ... 
[2020/02/27 18:58:08][INFO][validSession]  getting result code 
[2020/02/27 18:58:08][INFO][verifySession]  building client ... 
[2020/02/27 18:58:08][INFO][verifySession]  Starting invocation builder.. 
[2020/02/27 18:58:08][INFO][verifySession]  Sending request ...
[2020/02/27 18:58:08][INFO][verifySession]  Request sent
[2020/02/27 18:58:08][INFO][verifySession]  Recieved status 200
[2020/02/27 18:58:08][INFO][validSession]  getting ... 
[2020/02/27 18:58:08][INFO][validSession]  getting result code 
[2020/02/27 18:58:08][INFO][sendToMicroService]  building client ... 
[2020/02/27 18:58:08][INFO][sendToMicroService]  Starting invocation builder.. 
[2020/02/27 18:58:08][INFO][sendToMicroService]  Sending Request to: http://0.0.0.0:12346/api/idm/login
[2020/02/27 18:58:08][INFO][getResponse]  Building our query ... 
[2020/02/27 18:58:08][INFO][getResponse]  Query:
SELECT * FROM responses WHERE transaction_id = ?
[2020/02/27 18:58:09][INFO][sendToMicroService]  Request sent
[2020/02/27 18:58:09][INFO][sendToMicroService]  Recieved status 200
[2020/02/27 18:58:09][INFO][insert]  Building our query.. 
[2020/02/27 18:58:09][INFO][insert]  Query:
INSERT INTO responses (transaction_id, email, session_id, response, http_status) VALUES (?,?,?,?,?)
[2020/02/27 18:58:09][INFO][getResponse]  Building our query ... 
[2020/02/27 18:58:09][INFO][getResponse]  Query:
SELECT * FROM responses WHERE transaction_id = ?
[2020/02/27 18:58:09][INFO][removeResponse]  Building our query.. 
[2020/02/27 18:58:09][INFO][removeResponse]  Query:
DELETE FROM responses WHERE transaction_id = ?
[2020/02/27 18:58:10][INFO][getResponse]  Building our query ... 
[2020/02/27 18:58:10][INFO][getResponse]  Query:
SELECT * FROM responses WHERE transaction_id = ?
[2020/02/27 18:58:10][INFO][getResponse]  Building our query ... 
[2020/02/27 18:58:10][INFO][getResponse]  Query:
SELECT * FROM responses WHERE transaction_id = ?
[2020/02/27 18:58:11][INFO][getResponse]  Building our query ... 
[2020/02/27 18:58:11][INFO][getResponse]  Query:
SELECT * FROM responses WHERE transaction_id = ?
[2020/02/27 18:58:11][INFO][getResponse]  Building our query ... 
[2020/02/27 18:58:11][INFO][getResponse]  Query:
SELECT * FROM responses WHERE transaction_id = ?
[2020/02/27 18:58:12][INFO][getResponse]  Building our query ... 
[2020/02/27 18:58:12][INFO][getResponse]  Query:
SELECT * FROM responses WHERE transaction_id = ?
[2020/02/27 18:58:12][INFO][getResponse]  Building our query ... 
[2020/02/27 18:58:12][INFO][getResponse]  Query:
SELECT * FROM responses WHERE transaction_id = ?
[2020/02/27 18:58:13][INFO][getResponse]  Building our query ... 
[2020/02/27 18:58:13][INFO][getResponse]  Query:
SELECT * FROM responses WHERE transaction_id = ?
[2020/02/27 18:58:13][INFO][getResponse]  Building our query ... 
[2020/02/27 18:58:13][INFO][getResponse]  Query:
SELECT * FROM responses WHERE transaction_id = ?
[2020/02/27 18:58:14][INFO][getResponse]  Building our query ... 
[2020/02/27 18:58:14][INFO][getResponse]  Query:
SELECT * FROM responses WHERE transaction_id = ?
[2020/02/27 18:58:15][INFO][getResponse]  Building our query ... 
[2020/02/27 18:58:15][INFO][getResponse]  Query:
SELECT * FROM responses WHERE transaction_id = ?
[2020/02/27 18:58:15][INFO][getResponse]  Building our query ... 
[2020/02/27 18:58:15][INFO][getResponse]  Query:
SELECT * FROM responses WHERE transaction_id = ?
[2020/02/27 18:58:16][INFO][getResponse]  Building our query ... 
[2020/02/27 18:58:16][INFO][getResponse]  Query:
SELECT * FROM responses WHERE transaction_id = ?
[2020/02/27 18:58:16][INFO][getResponse]  Building our query ... 
[2020/02/27 18:58:16][INFO][getResponse]  Query:
SELECT * FROM responses WHERE transaction_id = ?
[2020/02/27 18:58:17][INFO][getResponse]  Building our query ... 
[2020/02/27 18:58:17][INFO][getResponse]  Query:
SELECT * FROM responses WHERE transaction_id = ?
[2020/02/27 18:58:17][INFO][getResponse]  Building our query ... 
[2020/02/27 18:58:17][INFO][getResponse]  Query:
SELECT * FROM responses WHERE transaction_id = ?
[2020/02/27 18:58:18][INFO][getResponse]  Building our query ... 
[2020/02/27 18:58:18][INFO][getResponse]  Query:
SELECT * FROM responses WHERE transaction_id = ?
[2020/02/27 18:58:18][INFO][getResponse]  Building our query ... 
[2020/02/27 18:58:18][INFO][getResponse]  Query:
SELECT * FROM responses WHERE transaction_id = ?
[2020/02/27 18:58:19][INFO][getResponse]  Building our query ... 
[2020/02/27 18:58:19][INFO][getResponse]  Query:
SELECT * FROM responses WHERE transaction_id = ?
[2020/02/27 18:58:19][INFO][sendToMicroService]  building client ... 
[2020/02/27 18:58:19][INFO][sendToMicroService]  Starting invocation builder.. 
[2020/02/27 18:58:19][INFO][sendToMicroService]  Sending Request to: http://0.0.0.0:12346/api/idm/register
[2020/02/27 18:58:19][INFO][getResponse]  Building our query ... 
[2020/02/27 18:58:19][INFO][getResponse]  Query:
SELECT * FROM responses WHERE transaction_id = ?
[2020/02/27 18:58:20][INFO][sendToMicroService]  Request sent
[2020/02/27 18:58:20][INFO][sendToMicroService]  Recieved status 200
[2020/02/27 18:58:20][INFO][insert]  Building our query.. 
[2020/02/27 18:58:20][INFO][insert]  Query:
INSERT INTO responses (transaction_id, email, session_id, response, http_status) VALUES (?,?,?,?,?)
[2020/02/27 18:58:20][INFO][getResponse]  Building our query ... 
[2020/02/27 18:58:20][INFO][getResponse]  Query:
SELECT * FROM responses WHERE transaction_id = ?
[2020/02/27 18:58:20][INFO][removeResponse]  Building our query.. 
[2020/02/27 18:58:20][INFO][removeResponse]  Query:
DELETE FROM responses WHERE transaction_id = ?
[2020/02/27 18:58:21][INFO][getResponse]  Building our query ... 
[2020/02/27 18:58:21][INFO][getResponse]  Query:
SELECT * FROM responses WHERE transaction_id = ?
[2020/02/27 18:58:21][INFO][getResponse]  Building our query ... 
[2020/02/27 18:58:21][INFO][getResponse]  Query:
SELECT * FROM responses WHERE transaction_id = ?
[2020/02/27 18:58:22][INFO][getResponse]  Building our query ... 
[2020/02/27 18:58:22][INFO][getResponse]  Query:
SELECT * FROM responses WHERE transaction_id = ?
[2020/02/27 18:58:22][INFO][getResponse]  Building our query ... 
[2020/02/27 18:58:22][INFO][getResponse]  Query:
SELECT * FROM responses WHERE transaction_id = ?
[2020/02/27 18:58:31][INFO][verifySession]  building client ... 
[2020/02/27 18:58:31][INFO][verifySession]  Starting invocation builder.. 
[2020/02/27 18:58:31][INFO][verifySession]  Sending request ...
[2020/02/27 18:58:31][INFO][verifySession]  Request sent
[2020/02/27 18:58:31][INFO][verifySession]  Recieved status 200
[2020/02/27 18:58:31][INFO][validSession]  getting ... 
[2020/02/27 18:58:31][INFO][validSession]  getting result code 
[2020/02/27 18:58:31][INFO][movieHandler]  http://0.0.0.0:12347/api/movies/get/tt4154796
[2020/02/27 18:58:31][INFO][sendToMicroService]  building client ... 
[2020/02/27 18:58:31][INFO][sendToMicroService]  Starting invocation builder.. 
[2020/02/27 18:58:31][INFO][sendToMicroService]  Sending Request to: http://0.0.0.0:12347/api/movies/get/tt4154796
[2020/02/27 18:58:31][INFO][verifySession]  building client ... 
[2020/02/27 18:58:31][INFO][verifySession]  Starting invocation builder.. 
[2020/02/27 18:58:31][INFO][verifySession]  Sending request ...
[2020/02/27 18:58:31][INFO][verifySession]  Request sent
[2020/02/27 18:58:31][INFO][verifySession]  Recieved status 200
[2020/02/27 18:58:31][INFO][validSession]  getting ... 
[2020/02/27 18:58:31][INFO][validSession]  getting result code 
[2020/02/27 18:58:31][INFO][getResponse]  Building our query ... 
[2020/02/27 18:58:31][INFO][getResponse]  Query:
SELECT * FROM responses WHERE transaction_id = ?
[2020/02/27 18:58:31][INFO][sendToMicroService]  Request sent
[2020/02/27 18:58:31][INFO][sendToMicroService]  Recieved status 200
[2020/02/27 18:58:31][INFO][insert]  Building our query.. 
[2020/02/27 18:58:31][INFO][insert]  Query:
INSERT INTO responses (transaction_id, email, session_id, response, http_status) VALUES (?,?,?,?,?)
[2020/02/27 18:58:32][INFO][verifySession]  building client ... 
[2020/02/27 18:58:32][INFO][verifySession]  Starting invocation builder.. 
[2020/02/27 18:58:32][INFO][verifySession]  Sending request ...
[2020/02/27 18:58:32][INFO][verifySession]  Request sent
[2020/02/27 18:58:32][INFO][verifySession]  Recieved status 200
[2020/02/27 18:58:32][INFO][validSession]  getting ... 
[2020/02/27 18:58:32][INFO][validSession]  getting result code 
[2020/02/27 18:58:32][INFO][getResponse]  Building our query ... 
[2020/02/27 18:58:32][INFO][getResponse]  Query:
SELECT * FROM responses WHERE transaction_id = ?
[2020/02/27 18:58:32][INFO][removeResponse]  Building our query.. 
[2020/02/27 18:58:32][INFO][removeResponse]  Query:
DELETE FROM responses WHERE transaction_id = ?
[2020/02/27 18:58:33][INFO][verifySession]  building client ... 
[2020/02/27 18:58:33][INFO][verifySession]  Starting invocation builder.. 
[2020/02/27 18:58:33][INFO][verifySession]  Sending request ...
[2020/02/27 18:58:33][INFO][verifySession]  Request sent
[2020/02/27 18:58:33][INFO][verifySession]  Recieved status 200
[2020/02/27 18:58:33][INFO][validSession]  getting ... 
[2020/02/27 18:58:33][INFO][validSession]  getting result code 
[2020/02/27 18:58:33][INFO][getResponse]  Building our query ... 
[2020/02/27 18:58:33][INFO][getResponse]  Query:
SELECT * FROM responses WHERE transaction_id = ?
[2020/02/27 18:58:33][INFO][verifySession]  building client ... 
[2020/02/27 18:58:33][INFO][verifySession]  Starting invocation builder.. 
[2020/02/27 18:58:33][INFO][verifySession]  Sending request ...
[2020/02/27 18:58:33][INFO][verifySession]  Request sent
[2020/02/27 18:58:33][INFO][verifySession]  Recieved status 200
[2020/02/27 18:58:33][INFO][validSession]  getting ... 
[2020/02/27 18:58:33][INFO][validSession]  getting result code 
[2020/02/27 18:58:33][INFO][getResponse]  Building our query ... 
[2020/02/27 18:58:33][INFO][getResponse]  Query:
SELECT * FROM responses WHERE transaction_id = ?
[2020/02/27 18:58:34][INFO][verifySession]  building client ... 
[2020/02/27 18:58:34][INFO][verifySession]  Starting invocation builder.. 
[2020/02/27 18:58:34][INFO][verifySession]  Sending request ...
[2020/02/27 18:58:34][INFO][verifySession]  Request sent
[2020/02/27 18:58:34][INFO][verifySession]  Recieved status 200
[2020/02/27 18:58:34][INFO][validSession]  getting ... 
[2020/02/27 18:58:34][INFO][validSession]  getting result code 
[2020/02/27 18:58:34][INFO][getResponse]  Building our query ... 
[2020/02/27 18:58:34][INFO][getResponse]  Query:
SELECT * FROM responses WHERE transaction_id = ?
[2020/02/27 18:58:34][INFO][verifySession]  building client ... 
[2020/02/27 18:58:34][INFO][verifySession]  Starting invocation builder.. 
[2020/02/27 18:58:34][INFO][verifySession]  Sending request ...
[2020/02/27 18:58:34][INFO][verifySession]  Request sent
[2020/02/27 18:58:34][INFO][verifySession]  Recieved status 200
[2020/02/27 18:58:34][INFO][validSession]  getting ... 
[2020/02/27 18:58:34][INFO][validSession]  getting result code 
[2020/02/27 18:58:34][INFO][getResponse]  Building our query ... 
[2020/02/27 18:58:34][INFO][getResponse]  Query:
SELECT * FROM responses WHERE transaction_id = ?
[2020/02/27 18:58:35][INFO][verifySession]  building client ... 
[2020/02/27 18:58:35][INFO][verifySession]  Starting invocation builder.. 
[2020/02/27 18:58:35][INFO][verifySession]  Sending request ...
[2020/02/27 18:58:35][INFO][verifySession]  Request sent
[2020/02/27 18:58:35][INFO][verifySession]  Recieved status 200
[2020/02/27 18:58:35][INFO][validSession]  getting ... 
[2020/02/27 18:58:35][INFO][validSession]  getting result code 
[2020/02/27 18:58:35][INFO][getResponse]  Building our query ... 
[2020/02/27 18:58:35][INFO][getResponse]  Query:
SELECT * FROM responses WHERE transaction_id = ?
[2020/02/27 18:58:36][INFO][verifySession]  building client ... 
[2020/02/27 18:58:36][INFO][verifySession]  Starting invocation builder.. 
[2020/02/27 18:58:36][INFO][verifySession]  Sending request ...
[2020/02/27 18:58:36][INFO][verifySession]  Request sent
[2020/02/27 18:58:36][INFO][verifySession]  Recieved status 200
[2020/02/27 18:58:36][INFO][validSession]  getting ... 
[2020/02/27 18:58:36][INFO][validSession]  getting result code 
[2020/02/27 18:58:36][INFO][getResponse]  Building our query ... 
[2020/02/27 18:58:36][INFO][getResponse]  Query:
SELECT * FROM responses WHERE transaction_id = ?
[2020/02/27 18:58:36][INFO][verifySession]  building client ... 
[2020/02/27 18:58:36][INFO][verifySession]  Starting invocation builder.. 
[2020/02/27 18:58:36][INFO][verifySession]  Sending request ...
[2020/02/27 18:58:36][INFO][verifySession]  Request sent
[2020/02/27 18:58:36][INFO][verifySession]  Recieved status 200
[2020/02/27 18:58:36][INFO][validSession]  getting ... 
[2020/02/27 18:58:36][INFO][validSession]  getting result code 
[2020/02/27 18:58:36][INFO][getResponse]  Building our query ... 
[2020/02/27 18:58:36][INFO][getResponse]  Query:
SELECT * FROM responses WHERE transaction_id = ?
[2020/02/27 18:58:37][INFO][verifySession]  building client ... 
[2020/02/27 18:58:37][INFO][verifySession]  Starting invocation builder.. 
[2020/02/27 18:58:37][INFO][verifySession]  Sending request ...
[2020/02/27 18:58:37][INFO][verifySession]  Request sent
[2020/02/27 18:58:37][INFO][verifySession]  Recieved status 200
[2020/02/27 18:58:37][INFO][validSession]  getting ... 
[2020/02/27 18:58:37][INFO][validSession]  getting result code 
[2020/02/27 18:58:37][INFO][getResponse]  Building our query ... 
[2020/02/27 18:58:37][INFO][getResponse]  Query:
SELECT * FROM responses WHERE transaction_id = ?
[2020/02/27 18:58:37][INFO][verifySession]  building client ... 
[2020/02/27 18:58:37][INFO][verifySession]  Starting invocation builder.. 
[2020/02/27 18:58:37][INFO][verifySession]  Sending request ...
[2020/02/27 18:58:37][INFO][verifySession]  Request sent
[2020/02/27 18:58:37][INFO][verifySession]  Recieved status 200
[2020/02/27 18:58:37][INFO][validSession]  getting ... 
[2020/02/27 18:58:37][INFO][validSession]  getting result code 
[2020/02/27 18:58:37][INFO][getResponse]  Building our query ... 
[2020/02/27 18:58:37][INFO][getResponse]  Query:
SELECT * FROM responses WHERE transaction_id = ?
[2020/02/27 18:58:38][INFO][verifySession]  building client ... 
[2020/02/27 18:58:38][INFO][verifySession]  Starting invocation builder.. 
[2020/02/27 18:58:38][INFO][verifySession]  Sending request ...
[2020/02/27 18:58:38][INFO][verifySession]  Request sent
[2020/02/27 18:58:38][INFO][verifySession]  Recieved status 200
[2020/02/27 18:58:38][INFO][validSession]  getting ... 
[2020/02/27 18:58:38][INFO][validSession]  getting result code 
[2020/02/27 18:58:38][INFO][getResponse]  Building our query ... 
[2020/02/27 18:58:38][INFO][getResponse]  Query:
SELECT * FROM responses WHERE transaction_id = ?
[2020/02/27 18:58:39][INFO][verifySession]  building client ... 
[2020/02/27 18:58:39][INFO][verifySession]  Starting invocation builder.. 
[2020/02/27 18:58:39][INFO][verifySession]  Sending request ...
[2020/02/27 18:58:39][INFO][verifySession]  Request sent
[2020/02/27 18:58:39][INFO][verifySession]  Recieved status 200
[2020/02/27 18:58:39][INFO][validSession]  getting ... 
[2020/02/27 18:58:39][INFO][validSession]  getting result code 
[2020/02/27 18:58:39][INFO][getResponse]  Building our query ... 
[2020/02/27 18:58:39][INFO][getResponse]  Query:
SELECT * FROM responses WHERE transaction_id = ?
[2020/02/27 18:58:39][INFO][verifySession]  building client ... 
[2020/02/27 18:58:39][INFO][verifySession]  Starting invocation builder.. 
[2020/02/27 18:58:39][INFO][verifySession]  Sending request ...
[2020/02/27 18:58:39][INFO][verifySession]  Request sent
[2020/02/27 18:58:39][INFO][verifySession]  Recieved status 200
[2020/02/27 18:58:39][INFO][validSession]  getting ... 
[2020/02/27 18:58:39][INFO][validSession]  getting result code 
[2020/02/27 18:58:39][INFO][getResponse]  Building our query ... 
[2020/02/27 18:58:39][INFO][getResponse]  Query:
SELECT * FROM responses WHERE transaction_id = ?
[2020/02/27 18:58:40][INFO][verifySession]  building client ... 
[2020/02/27 18:58:40][INFO][verifySession]  Starting invocation builder.. 
[2020/02/27 18:58:40][INFO][verifySession]  Sending request ...
[2020/02/27 18:58:40][INFO][verifySession]  Request sent
[2020/02/27 18:58:40][INFO][verifySession]  Recieved status 200
[2020/02/27 18:58:40][INFO][validSession]  getting ... 
[2020/02/27 18:58:40][INFO][validSession]  getting result code 
[2020/02/27 18:58:40][INFO][getResponse]  Building our query ... 
[2020/02/27 18:58:40][INFO][getResponse]  Query:
SELECT * FROM responses WHERE transaction_id = ?
[2020/02/27 18:58:40][INFO][verifySession]  building client ... 
[2020/02/27 18:58:40][INFO][verifySession]  Starting invocation builder.. 
[2020/02/27 18:58:40][INFO][verifySession]  Sending request ...
[2020/02/27 18:58:40][INFO][verifySession]  Request sent
[2020/02/27 18:58:40][INFO][verifySession]  Recieved status 200
[2020/02/27 18:58:40][INFO][validSession]  getting ... 
[2020/02/27 18:58:40][INFO][validSession]  getting result code 
[2020/02/27 18:58:40][INFO][getResponse]  Building our query ... 
[2020/02/27 18:58:40][INFO][getResponse]  Query:
SELECT * FROM responses WHERE transaction_id = ?
[2020/02/27 18:58:41][INFO][verifySession]  building client ... 
[2020/02/27 18:58:41][INFO][verifySession]  Starting invocation builder.. 
[2020/02/27 18:58:41][INFO][verifySession]  Sending request ...
[2020/02/27 18:58:41][INFO][verifySession]  Request sent
[2020/02/27 18:58:41][INFO][verifySession]  Recieved status 200
[2020/02/27 18:58:41][INFO][validSession]  getting ... 
[2020/02/27 18:58:41][INFO][validSession]  getting result code 
[2020/02/27 18:58:41][INFO][getResponse]  Building our query ... 
[2020/02/27 18:58:41][INFO][getResponse]  Query:
SELECT * FROM responses WHERE transaction_id = ?
[2020/02/27 18:58:42][INFO][verifySession]  building client ... 
[2020/02/27 18:58:42][INFO][verifySession]  Starting invocation builder.. 
[2020/02/27 18:58:42][INFO][verifySession]  Sending request ...
[2020/02/27 18:58:42][INFO][verifySession]  Request sent
[2020/02/27 18:58:42][INFO][verifySession]  Recieved status 200
[2020/02/27 18:58:42][INFO][validSession]  getting ... 
[2020/02/27 18:58:42][INFO][validSession]  getting result code 
[2020/02/27 18:58:42][INFO][getResponse]  Building our query ... 
[2020/02/27 18:58:42][INFO][getResponse]  Query:
SELECT * FROM responses WHERE transaction_id = ?
[2020/02/27 18:58:42][INFO][verifySession]  building client ... 
[2020/02/27 18:58:42][INFO][verifySession]  Starting invocation builder.. 
[2020/02/27 18:58:42][INFO][verifySession]  Sending request ...
[2020/02/27 18:58:42][INFO][verifySession]  Request sent
[2020/02/27 18:58:42][INFO][verifySession]  Recieved status 200
[2020/02/27 18:58:42][INFO][validSession]  getting ... 
[2020/02/27 18:58:42][INFO][validSession]  getting result code 
[2020/02/27 18:58:42][INFO][getResponse]  Building our query ... 
[2020/02/27 18:58:42][INFO][getResponse]  Query:
SELECT * FROM responses WHERE transaction_id = ?
[2020/02/27 18:58:43][INFO][verifySession]  building client ... 
[2020/02/27 18:58:43][INFO][verifySession]  Starting invocation builder.. 
[2020/02/27 18:58:43][INFO][verifySession]  Sending request ...
[2020/02/27 18:58:43][INFO][verifySession]  Request sent
[2020/02/27 18:58:43][INFO][verifySession]  Recieved status 200
[2020/02/27 18:58:43][INFO][validSession]  getting ... 
[2020/02/27 18:58:43][INFO][validSession]  getting result code 
[2020/02/27 18:58:43][INFO][getResponse]  Building our query ... 
[2020/02/27 18:58:43][INFO][getResponse]  Query:
SELECT * FROM responses WHERE transaction_id = ?
[2020/02/27 18:58:43][INFO][verifySession]  building client ... 
[2020/02/27 18:58:43][INFO][verifySession]  Starting invocation builder.. 
[2020/02/27 18:58:43][INFO][verifySession]  Sending request ...
[2020/02/27 18:58:44][INFO][verifySession]  Request sent
[2020/02/27 18:58:44][INFO][verifySession]  Recieved status 200
[2020/02/27 18:58:44][INFO][validSession]  getting ... 
[2020/02/27 18:58:44][INFO][validSession]  getting result code 
[2020/02/27 18:58:44][INFO][movieHandler]  http://0.0.0.0:12347/api/movies/search
[2020/02/27 18:58:44][INFO][verifySession]  building client ... 
[2020/02/27 18:58:44][INFO][verifySession]  Starting invocation builder.. 
[2020/02/27 18:58:44][INFO][verifySession]  Sending request ...
[2020/02/27 18:58:44][INFO][sendToMicroService]  building client ... 
[2020/02/27 18:58:44][INFO][sendToMicroService]  Starting invocation builder.. 
[2020/02/27 18:58:44][INFO][sendToMicroService]  Sending Request to: http://0.0.0.0:12347/api/movies/search
[2020/02/27 18:58:44][INFO][verifySession]  Request sent
[2020/02/27 18:58:44][INFO][verifySession]  Recieved status 200
[2020/02/27 18:58:44][INFO][validSession]  getting ... 
[2020/02/27 18:58:44][INFO][validSession]  getting result code 
[2020/02/27 18:58:44][INFO][getResponse]  Building our query ... 
[2020/02/27 18:58:44][INFO][getResponse]  Query:
SELECT * FROM responses WHERE transaction_id = ?
[2020/02/27 18:58:44][INFO][sendToMicroService]  Request sent
[2020/02/27 18:58:44][INFO][sendToMicroService]  Recieved status 200
[2020/02/27 18:58:44][INFO][insert]  Building our query.. 
[2020/02/27 18:58:44][INFO][insert]  Query:
INSERT INTO responses (transaction_id, email, session_id, response, http_status) VALUES (?,?,?,?,?)
[2020/02/27 18:58:44][INFO][verifySession]  building client ... 
[2020/02/27 18:58:44][INFO][verifySession]  Starting invocation builder.. 
[2020/02/27 18:58:44][INFO][verifySession]  Sending request ...
[2020/02/27 18:58:44][INFO][verifySession]  Request sent
[2020/02/27 18:58:44][INFO][verifySession]  Recieved status 200
[2020/02/27 18:58:44][INFO][validSession]  getting ... 
[2020/02/27 18:58:44][INFO][validSession]  getting result code 
[2020/02/27 18:58:44][INFO][getResponse]  Building our query ... 
[2020/02/27 18:58:44][INFO][getResponse]  Query:
SELECT * FROM responses WHERE transaction_id = ?
[2020/02/27 18:58:44][INFO][removeResponse]  Building our query.. 
[2020/02/27 18:58:44][INFO][removeResponse]  Query:
DELETE FROM responses WHERE transaction_id = ?
[2020/02/27 18:58:45][INFO][verifySession]  building client ... 
[2020/02/27 18:58:45][INFO][verifySession]  Starting invocation builder.. 
[2020/02/27 18:58:45][INFO][verifySession]  Sending request ...
[2020/02/27 18:58:45][INFO][verifySession]  Request sent
[2020/02/27 18:58:45][INFO][verifySession]  Recieved status 200
[2020/02/27 18:58:45][INFO][validSession]  getting ... 
[2020/02/27 18:58:45][INFO][validSession]  getting result code 
[2020/02/27 18:58:45][INFO][getResponse]  Building our query ... 
[2020/02/27 18:58:45][INFO][getResponse]  Query:
SELECT * FROM responses WHERE transaction_id = ?
[2020/02/27 18:58:45][INFO][verifySession]  building client ... 
[2020/02/27 18:58:45][INFO][verifySession]  Starting invocation builder.. 
[2020/02/27 18:58:45][INFO][verifySession]  Sending request ...
[2020/02/27 18:58:45][INFO][verifySession]  Request sent
[2020/02/27 18:58:45][INFO][verifySession]  Recieved status 200
[2020/02/27 18:58:45][INFO][validSession]  getting ... 
[2020/02/27 18:58:45][INFO][validSession]  getting result code 
[2020/02/27 18:58:45][INFO][getResponse]  Building our query ... 
[2020/02/27 18:58:45][INFO][getResponse]  Query:
SELECT * FROM responses WHERE transaction_id = ?
[2020/02/27 18:58:46][INFO][verifySession]  building client ... 
[2020/02/27 18:58:46][INFO][verifySession]  Starting invocation builder.. 
[2020/02/27 18:58:46][INFO][verifySession]  Sending request ...
[2020/02/27 18:58:46][INFO][verifySession]  Request sent
[2020/02/27 18:58:46][INFO][verifySession]  Recieved status 200
[2020/02/27 18:58:46][INFO][validSession]  getting ... 
[2020/02/27 18:58:46][INFO][validSession]  getting result code 
[2020/02/27 18:58:46][INFO][getResponse]  Building our query ... 
[2020/02/27 18:58:46][INFO][getResponse]  Query:
SELECT * FROM responses WHERE transaction_id = ?
[2020/02/27 18:58:47][INFO][verifySession]  building client ... 
[2020/02/27 18:58:47][INFO][verifySession]  Starting invocation builder.. 
[2020/02/27 18:58:47][INFO][verifySession]  Sending request ...
[2020/02/27 18:58:47][INFO][verifySession]  Request sent
[2020/02/27 18:58:47][INFO][verifySession]  Recieved status 200
[2020/02/27 18:58:47][INFO][validSession]  getting ... 
[2020/02/27 18:58:47][INFO][validSession]  getting result code 
[2020/02/27 18:58:47][INFO][getResponse]  Building our query ... 
[2020/02/27 18:58:47][INFO][getResponse]  Query:
SELECT * FROM responses WHERE transaction_id = ?
[2020/02/27 18:58:47][INFO][verifySession]  building client ... 
[2020/02/27 18:58:47][INFO][verifySession]  Starting invocation builder.. 
[2020/02/27 18:58:47][INFO][verifySession]  Sending request ...
[2020/02/27 18:58:47][INFO][verifySession]  Request sent
[2020/02/27 18:58:47][INFO][verifySession]  Recieved status 200
[2020/02/27 18:58:47][INFO][validSession]  getting ... 
[2020/02/27 18:58:47][INFO][validSession]  getting result code 
[2020/02/27 18:58:47][INFO][getResponse]  Building our query ... 
[2020/02/27 18:58:47][INFO][getResponse]  Query:
SELECT * FROM responses WHERE transaction_id = ?
[2020/02/27 18:58:48][INFO][verifySession]  building client ... 
[2020/02/27 18:58:48][INFO][verifySession]  Starting invocation builder.. 
[2020/02/27 18:58:48][INFO][verifySession]  Sending request ...
[2020/02/27 18:58:48][INFO][verifySession]  Request sent
[2020/02/27 18:58:48][INFO][verifySession]  Recieved status 200
[2020/02/27 18:58:48][INFO][validSession]  getting ... 
[2020/02/27 18:58:48][INFO][validSession]  getting result code 
[2020/02/27 18:58:48][INFO][getResponse]  Building our query ... 
[2020/02/27 18:58:48][INFO][getResponse]  Query:
SELECT * FROM responses WHERE transaction_id = ?
[2020/02/27 18:58:48][INFO][verifySession]  building client ... 
[2020/02/27 18:58:48][INFO][verifySession]  Starting invocation builder.. 
[2020/02/27 18:58:48][INFO][verifySession]  Sending request ...
[2020/02/27 18:58:48][INFO][verifySession]  Request sent
[2020/02/27 18:58:48][INFO][verifySession]  Recieved status 200
[2020/02/27 18:58:48][INFO][validSession]  getting ... 
[2020/02/27 18:58:48][INFO][validSession]  getting result code 
[2020/02/27 18:58:48][INFO][getResponse]  Building our query ... 
[2020/02/27 18:58:48][INFO][getResponse]  Query:
SELECT * FROM responses WHERE transaction_id = ?
[2020/02/27 18:58:49][INFO][verifySession]  building client ... 
[2020/02/27 18:58:49][INFO][verifySession]  Starting invocation builder.. 
[2020/02/27 18:58:49][INFO][verifySession]  Sending request ...
[2020/02/27 18:58:49][INFO][verifySession]  Request sent
[2020/02/27 18:58:49][INFO][verifySession]  Recieved status 200
[2020/02/27 18:58:49][INFO][validSession]  getting ... 
[2020/02/27 18:58:49][INFO][validSession]  getting result code 
[2020/02/27 18:58:49][INFO][getResponse]  Building our query ... 
[2020/02/27 18:58:49][INFO][getResponse]  Query:
SELECT * FROM responses WHERE transaction_id = ?
[2020/02/27 18:58:50][INFO][verifySession]  building client ... 
[2020/02/27 18:58:50][INFO][verifySession]  Starting invocation builder.. 
[2020/02/27 18:58:50][INFO][verifySession]  Sending request ...
[2020/02/27 18:58:50][INFO][verifySession]  Request sent
[2020/02/27 18:58:50][INFO][verifySession]  Recieved status 200
[2020/02/27 18:58:50][INFO][validSession]  getting ... 
[2020/02/27 18:58:50][INFO][validSession]  getting result code 
[2020/02/27 18:58:50][INFO][getResponse]  Building our query ... 
[2020/02/27 18:58:50][INFO][getResponse]  Query:
SELECT * FROM responses WHERE transaction_id = ?
[2020/02/27 18:58:50][INFO][verifySession]  building client ... 
[2020/02/27 18:58:50][INFO][verifySession]  Starting invocation builder.. 
[2020/02/27 18:58:50][INFO][verifySession]  Sending request ...
[2020/02/27 18:58:50][INFO][verifySession]  Request sent
[2020/02/27 18:58:50][INFO][verifySession]  Recieved status 200
[2020/02/27 18:58:50][INFO][validSession]  getting ... 
[2020/02/27 18:58:50][INFO][validSession]  getting result code 
[2020/02/27 18:58:50][INFO][getResponse]  Building our query ... 
[2020/02/27 18:58:50][INFO][getResponse]  Query:
SELECT * FROM responses WHERE transaction_id = ?
[2020/02/27 18:58:51][INFO][verifySession]  building client ... 
[2020/02/27 18:58:51][INFO][verifySession]  Starting invocation builder.. 
[2020/02/27 18:58:51][INFO][verifySession]  Sending request ...
[2020/02/27 18:58:51][INFO][verifySession]  Request sent
[2020/02/27 18:58:51][INFO][verifySession]  Recieved status 200
[2020/02/27 18:58:51][INFO][validSession]  getting ... 
[2020/02/27 18:58:51][INFO][validSession]  getting result code 
[2020/02/27 18:58:51][INFO][getResponse]  Building our query ... 
[2020/02/27 18:58:51][INFO][getResponse]  Query:
SELECT * FROM responses WHERE transaction_id = ?
[2020/02/27 18:58:51][INFO][verifySession]  building client ... 
[2020/02/27 18:58:51][INFO][verifySession]  Starting invocation builder.. 
[2020/02/27 18:58:51][INFO][verifySession]  Sending request ...
[2020/02/27 18:58:51][INFO][verifySession]  Request sent
[2020/02/27 18:58:51][INFO][verifySession]  Recieved status 200
[2020/02/27 18:58:51][INFO][validSession]  getting ... 
[2020/02/27 18:58:51][INFO][validSession]  getting result code 
[2020/02/27 18:58:51][INFO][getResponse]  Building our query ... 
[2020/02/27 18:58:51][INFO][getResponse]  Query:
SELECT * FROM responses WHERE transaction_id = ?
[2020/02/27 18:58:52][INFO][verifySession]  building client ... 
[2020/02/27 18:58:52][INFO][verifySession]  Starting invocation builder.. 
[2020/02/27 18:58:52][INFO][verifySession]  Sending request ...
[2020/02/27 18:58:52][INFO][verifySession]  Request sent
[2020/02/27 18:58:52][INFO][verifySession]  Recieved status 200
[2020/02/27 18:58:52][INFO][validSession]  getting ... 
[2020/02/27 18:58:52][INFO][validSession]  getting result code 
[2020/02/27 18:58:52][INFO][getResponse]  Building our query ... 
[2020/02/27 18:58:52][INFO][getResponse]  Query:
SELECT * FROM responses WHERE transaction_id = ?
[2020/02/27 18:58:53][INFO][verifySession]  building client ... 
[2020/02/27 18:58:53][INFO][verifySession]  Starting invocation builder.. 
[2020/02/27 18:58:53][INFO][verifySession]  Sending request ...
[2020/02/27 18:58:53][INFO][verifySession]  Request sent
[2020/02/27 18:58:53][INFO][verifySession]  Recieved status 200
[2020/02/27 18:58:53][INFO][validSession]  getting ... 
[2020/02/27 18:58:53][INFO][validSession]  getting result code 
[2020/02/27 18:58:53][INFO][getResponse]  Building our query ... 
[2020/02/27 18:58:53][INFO][getResponse]  Query:
SELECT * FROM responses WHERE transaction_id = ?
[2020/02/27 18:58:53][INFO][verifySession]  building client ... 
[2020/02/27 18:58:53][INFO][verifySession]  Starting invocation builder.. 
[2020/02/27 18:58:53][INFO][verifySession]  Sending request ...
[2020/02/27 18:58:53][INFO][verifySession]  Request sent
[2020/02/27 18:58:53][INFO][verifySession]  Recieved status 200
[2020/02/27 18:58:53][INFO][validSession]  getting ... 
[2020/02/27 18:58:53][INFO][validSession]  getting result code 
[2020/02/27 18:58:53][INFO][getResponse]  Building our query ... 
[2020/02/27 18:58:53][INFO][getResponse]  Query:
SELECT * FROM responses WHERE transaction_id = ?
[2020/02/27 18:58:54][INFO][verifySession]  building client ... 
[2020/02/27 18:58:54][INFO][verifySession]  Starting invocation builder.. 
[2020/02/27 18:58:54][INFO][verifySession]  Sending request ...
[2020/02/27 18:58:54][INFO][verifySession]  Request sent
[2020/02/27 18:58:54][INFO][verifySession]  Recieved status 200
[2020/02/27 18:58:54][INFO][validSession]  getting ... 
[2020/02/27 18:58:54][INFO][validSession]  getting result code 
[2020/02/27 18:58:54][INFO][getResponse]  Building our query ... 
[2020/02/27 18:58:54][INFO][getResponse]  Query:
SELECT * FROM responses WHERE transaction_id = ?
[2020/02/27 18:58:54][INFO][verifySession]  building client ... 
[2020/02/27 18:58:54][INFO][verifySession]  Starting invocation builder.. 
[2020/02/27 18:58:54][INFO][verifySession]  Sending request ...
[2020/02/27 18:58:54][INFO][verifySession]  Request sent
[2020/02/27 18:58:54][INFO][verifySession]  Recieved status 200
[2020/02/27 18:58:54][INFO][validSession]  getting ... 
[2020/02/27 18:58:54][INFO][validSession]  getting result code 
[2020/02/27 18:58:54][INFO][getResponse]  Building our query ... 
[2020/02/27 18:58:54][INFO][getResponse]  Query:
SELECT * FROM responses WHERE transaction_id = ?
[2020/02/27 18:58:55][INFO][verifySession]  building client ... 
[2020/02/27 18:58:55][INFO][verifySession]  Starting invocation builder.. 
[2020/02/27 18:58:55][INFO][verifySession]  Sending request ...
[2020/02/27 18:58:55][INFO][verifySession]  Request sent
[2020/02/27 18:58:55][INFO][verifySession]  Recieved status 200
[2020/02/27 18:58:55][INFO][validSession]  getting ... 
[2020/02/27 18:58:55][INFO][validSession]  getting result code 
[2020/02/27 18:58:55][INFO][getResponse]  Building our query ... 
[2020/02/27 18:58:55][INFO][getResponse]  Query:
SELECT * FROM responses WHERE transaction_id = ?
[2020/02/27 18:58:56][INFO][sendToMicroService]  building client ... 
[2020/02/27 18:58:56][INFO][sendToMicroService]  Starting invocation builder.. 
[2020/02/27 18:58:56][INFO][sendToMicroService]  Sending Request to: http://0.0.0.0:12346/api/idm/login
[2020/02/27 18:58:56][INFO][getResponse]  Building our query ... 
[2020/02/27 18:58:56][INFO][getResponse]  Query:
SELECT * FROM responses WHERE transaction_id = ?
[2020/02/27 18:58:56][INFO][sendToMicroService]  Request sent
[2020/02/27 18:58:56][INFO][sendToMicroService]  Recieved status 200
[2020/02/27 18:58:56][INFO][insert]  Building our query.. 
[2020/02/27 18:58:56][INFO][insert]  Query:
INSERT INTO responses (transaction_id, email, session_id, response, http_status) VALUES (?,?,?,?,?)
[2020/02/27 18:58:56][INFO][getResponse]  Building our query ... 
[2020/02/27 18:58:56][INFO][getResponse]  Query:
SELECT * FROM responses WHERE transaction_id = ?
[2020/02/27 18:58:56][INFO][removeResponse]  Building our query.. 
[2020/02/27 18:58:56][INFO][removeResponse]  Query:
DELETE FROM responses WHERE transaction_id = ?
[2020/02/27 18:58:57][INFO][getResponse]  Building our query ... 
[2020/02/27 18:58:57][INFO][getResponse]  Query:
SELECT * FROM responses WHERE transaction_id = ?
[2020/02/27 18:58:57][INFO][getResponse]  Building our query ... 
[2020/02/27 18:58:57][INFO][getResponse]  Query:
SELECT * FROM responses WHERE transaction_id = ?
[2020/02/27 18:58:58][INFO][getResponse]  Building our query ... 
[2020/02/27 18:58:58][INFO][getResponse]  Query:
SELECT * FROM responses WHERE transaction_id = ?
[2020/02/27 18:58:58][INFO][getResponse]  Building our query ... 
[2020/02/27 18:58:58][INFO][getResponse]  Query:
SELECT * FROM responses WHERE transaction_id = ?
[2020/02/27 18:58:59][INFO][getResponse]  Building our query ... 
[2020/02/27 18:58:59][INFO][getResponse]  Query:
SELECT * FROM responses WHERE transaction_id = ?
[2020/02/27 18:58:59][INFO][getResponse]  Building our query ... 
[2020/02/27 18:58:59][INFO][getResponse]  Query:
SELECT * FROM responses WHERE transaction_id = ?
[2020/02/27 18:59:00][INFO][getResponse]  Building our query ... 
[2020/02/27 18:59:00][INFO][getResponse]  Query:
SELECT * FROM responses WHERE transaction_id = ?
[2020/02/27 18:59:01][INFO][getResponse]  Building our query ... 
[2020/02/27 18:59:01][INFO][getResponse]  Query:
SELECT * FROM responses WHERE transaction_id = ?
[2020/02/27 18:59:01][INFO][getResponse]  Building our query ... 
[2020/02/27 18:59:01][INFO][getResponse]  Query:
SELECT * FROM responses WHERE transaction_id = ?
[2020/02/27 18:59:02][INFO][getResponse]  Building our query ... 
[2020/02/27 18:59:02][INFO][getResponse]  Query:
SELECT * FROM responses WHERE transaction_id = ?
[2020/02/27 18:59:02][INFO][getResponse]  Building our query ... 
[2020/02/27 18:59:02][INFO][getResponse]  Query:
SELECT * FROM responses WHERE transaction_id = ?
[2020/02/27 18:59:03][INFO][getResponse]  Building our query ... 
[2020/02/27 18:59:03][INFO][getResponse]  Query:
SELECT * FROM responses WHERE transaction_id = ?
[2020/02/27 18:59:03][INFO][getResponse]  Building our query ... 
[2020/02/27 18:59:03][INFO][getResponse]  Query:
SELECT * FROM responses WHERE transaction_id = ?
[2020/02/27 18:59:04][INFO][getResponse]  Building our query ... 
[2020/02/27 18:59:04][INFO][getResponse]  Query:
SELECT * FROM responses WHERE transaction_id = ?
[2020/02/27 18:59:04][INFO][getResponse]  Building our query ... 
[2020/02/27 18:59:04][INFO][getResponse]  Query:
SELECT * FROM responses WHERE transaction_id = ?
[2020/02/27 18:59:05][INFO][getResponse]  Building our query ... 
[2020/02/27 18:59:05][INFO][getResponse]  Query:
SELECT * FROM responses WHERE transaction_id = ?
[2020/02/27 18:59:05][INFO][getResponse]  Building our query ... 
[2020/02/27 18:59:05][INFO][getResponse]  Query:
SELECT * FROM responses WHERE transaction_id = ?
[2020/02/27 18:59:06][INFO][getResponse]  Building our query ... 
[2020/02/27 18:59:06][INFO][getResponse]  Query:
SELECT * FROM responses WHERE transaction_id = ?
[2020/02/27 18:59:06][INFO][sendToMicroService]  building client ... 
[2020/02/27 18:59:06][INFO][sendToMicroService]  Starting invocation builder.. 
[2020/02/27 18:59:06][INFO][sendToMicroService]  Sending Request to: http://0.0.0.0:12346/api/idm/register
[2020/02/27 18:59:07][INFO][getResponse]  Building our query ... 
[2020/02/27 18:59:07][INFO][getResponse]  Query:
SELECT * FROM responses WHERE transaction_id = ?
[2020/02/27 18:59:07][INFO][sendToMicroService]  Request sent
[2020/02/27 18:59:07][INFO][sendToMicroService]  Recieved status 200
[2020/02/27 18:59:07][INFO][insert]  Building our query.. 
[2020/02/27 18:59:07][INFO][insert]  Query:
INSERT INTO responses (transaction_id, email, session_id, response, http_status) VALUES (?,?,?,?,?)
[2020/02/27 18:59:07][INFO][getResponse]  Building our query ... 
[2020/02/27 18:59:07][INFO][getResponse]  Query:
SELECT * FROM responses WHERE transaction_id = ?
[2020/02/27 18:59:07][INFO][removeResponse]  Building our query.. 
[2020/02/27 18:59:07][INFO][removeResponse]  Query:
DELETE FROM responses WHERE transaction_id = ?
[2020/02/27 18:59:08][INFO][getResponse]  Building our query ... 
[2020/02/27 18:59:08][INFO][getResponse]  Query:
SELECT * FROM responses WHERE transaction_id = ?
[2020/02/27 18:59:08][INFO][getResponse]  Building our query ... 
[2020/02/27 18:59:08][INFO][getResponse]  Query:
SELECT * FROM responses WHERE transaction_id = ?
[2020/02/27 18:59:09][INFO][getResponse]  Building our query ... 
[2020/02/27 18:59:09][INFO][getResponse]  Query:
SELECT * FROM responses WHERE transaction_id = ?
[2020/02/27 18:59:09][INFO][getResponse]  Building our query ... 
[2020/02/27 18:59:09][INFO][getResponse]  Query:
SELECT * FROM responses WHERE transaction_id = ?
[2020/02/27 18:59:10][INFO][getResponse]  Building our query ... 
[2020/02/27 18:59:10][INFO][getResponse]  Query:
SELECT * FROM responses WHERE transaction_id = ?
[2020/02/27 18:59:10][INFO][getResponse]  Building our query ... 
[2020/02/27 18:59:10][INFO][getResponse]  Query:
SELECT * FROM responses WHERE transaction_id = ?
[2020/02/27 18:59:11][INFO][getResponse]  Building our query ... 
[2020/02/27 18:59:11][INFO][getResponse]  Query:
SELECT * FROM responses WHERE transaction_id = ?
[2020/02/27 18:59:11][INFO][getResponse]  Building our query ... 
[2020/02/27 18:59:11][INFO][getResponse]  Query:
SELECT * FROM responses WHERE transaction_id = ?
[2020/02/27 18:59:12][INFO][getResponse]  Building our query ... 
[2020/02/27 18:59:12][INFO][getResponse]  Query:
SELECT * FROM responses WHERE transaction_id = ?
[2020/02/27 18:59:13][INFO][getResponse]  Building our query ... 
[2020/02/27 18:59:13][INFO][getResponse]  Query:
SELECT * FROM responses WHERE transaction_id = ?
[2020/02/27 18:59:13][INFO][getResponse]  Building our query ... 
[2020/02/27 18:59:13][INFO][getResponse]  Query:
SELECT * FROM responses WHERE transaction_id = ?
[2020/02/27 18:59:14][INFO][getResponse]  Building our query ... 
[2020/02/27 18:59:14][INFO][getResponse]  Query:
SELECT * FROM responses WHERE transaction_id = ?
[2020/02/27 18:59:14][INFO][getResponse]  Building our query ... 
[2020/02/27 18:59:14][INFO][getResponse]  Query:
SELECT * FROM responses WHERE transaction_id = ?
[2020/02/27 18:59:15][INFO][getResponse]  Building our query ... 
[2020/02/27 18:59:15][INFO][getResponse]  Query:
SELECT * FROM responses WHERE transaction_id = ?
[2020/02/27 18:59:15][INFO][getResponse]  Building our query ... 
[2020/02/27 18:59:15][INFO][getResponse]  Query:
SELECT * FROM responses WHERE transaction_id = ?
[2020/02/27 18:59:16][INFO][getResponse]  Building our query ... 
[2020/02/27 18:59:16][INFO][getResponse]  Query:
SELECT * FROM responses WHERE transaction_id = ?
[2020/02/27 18:59:16][INFO][getResponse]  Building our query ... 
[2020/02/27 18:59:16][INFO][getResponse]  Query:
SELECT * FROM responses WHERE transaction_id = ?
[2020/02/27 18:59:17][INFO][getResponse]  Building our query ... 
[2020/02/27 18:59:17][INFO][getResponse]  Query:
SELECT * FROM responses WHERE transaction_id = ?
[2020/02/27 18:59:17][INFO][verifySession]  building client ... 
[2020/02/27 18:59:17][INFO][verifySession]  Starting invocation builder.. 
[2020/02/27 18:59:17][INFO][verifySession]  Sending request ...
[2020/02/27 18:59:17][INFO][verifySession]  Request sent
[2020/02/27 18:59:17][INFO][verifySession]  Recieved status 200
[2020/02/27 18:59:17][INFO][validSession]  getting ... 
[2020/02/27 18:59:17][INFO][validSession]  getting result code 
[2020/02/27 18:59:17][INFO][cartEndpoint]  http://0.0.0.0:12348/api/billing/cart/insert
[2020/02/27 18:59:17][INFO][verifySession]  building client ... 
[2020/02/27 18:59:17][INFO][verifySession]  Starting invocation builder.. 
[2020/02/27 18:59:17][INFO][verifySession]  Sending request ...
[2020/02/27 18:59:17][INFO][sendToMicroService]  building client ... 
[2020/02/27 18:59:17][INFO][sendToMicroService]  Starting invocation builder.. 
[2020/02/27 18:59:17][INFO][sendToMicroService]  Sending Request to: http://0.0.0.0:12348/api/billing/cart/insert
[2020/02/27 18:59:18][INFO][verifySession]  Request sent
[2020/02/27 18:59:18][INFO][verifySession]  Recieved status 200
[2020/02/27 18:59:18][INFO][validSession]  getting ... 
[2020/02/27 18:59:18][INFO][validSession]  getting result code 
[2020/02/27 18:59:18][INFO][getResponse]  Building our query ... 
[2020/02/27 18:59:18][INFO][getResponse]  Query:
SELECT * FROM responses WHERE transaction_id = ?
[2020/02/27 18:59:18][INFO][sendToMicroService]  Request sent
[2020/02/27 18:59:18][INFO][sendToMicroService]  Recieved status 200
[2020/02/27 18:59:18][INFO][insert]  Building our query.. 
[2020/02/27 18:59:18][INFO][insert]  Query:
INSERT INTO responses (transaction_id, email, session_id, response, http_status) VALUES (?,?,?,?,?)
[2020/02/27 18:59:18][INFO][verifySession]  building client ... 
[2020/02/27 18:59:18][INFO][verifySession]  Starting invocation builder.. 
[2020/02/27 18:59:18][INFO][verifySession]  Sending request ...
[2020/02/27 18:59:18][INFO][verifySession]  Request sent
[2020/02/27 18:59:18][INFO][verifySession]  Recieved status 200
[2020/02/27 18:59:18][INFO][validSession]  getting ... 
[2020/02/27 18:59:18][INFO][validSession]  getting result code 
[2020/02/27 18:59:18][INFO][getResponse]  Building our query ... 
[2020/02/27 18:59:18][INFO][getResponse]  Query:
SELECT * FROM responses WHERE transaction_id = ?
[2020/02/27 18:59:18][INFO][removeResponse]  Building our query.. 
[2020/02/27 18:59:18][INFO][removeResponse]  Query:
DELETE FROM responses WHERE transaction_id = ?
[2020/02/27 18:59:19][INFO][verifySession]  building client ... 
[2020/02/27 18:59:19][INFO][verifySession]  Starting invocation builder.. 
[2020/02/27 18:59:19][INFO][verifySession]  Sending request ...
[2020/02/27 18:59:19][INFO][verifySession]  Request sent
[2020/02/27 18:59:19][INFO][verifySession]  Recieved status 200
[2020/02/27 18:59:19][INFO][validSession]  getting ... 
[2020/02/27 18:59:19][INFO][validSession]  getting result code 
[2020/02/27 18:59:19][INFO][getResponse]  Building our query ... 
[2020/02/27 18:59:19][INFO][getResponse]  Query:
SELECT * FROM responses WHERE transaction_id = ?
[2020/02/27 18:59:19][INFO][verifySession]  building client ... 
[2020/02/27 18:59:19][INFO][verifySession]  Starting invocation builder.. 
[2020/02/27 18:59:19][INFO][verifySession]  Sending request ...
[2020/02/27 18:59:19][INFO][verifySession]  Request sent
[2020/02/27 18:59:19][INFO][verifySession]  Recieved status 200
[2020/02/27 18:59:19][INFO][validSession]  getting ... 
[2020/02/27 18:59:19][INFO][validSession]  getting result code 
[2020/02/27 18:59:19][INFO][getResponse]  Building our query ... 
[2020/02/27 18:59:19][INFO][getResponse]  Query:
SELECT * FROM responses WHERE transaction_id = ?
[2020/02/27 18:59:20][INFO][verifySession]  building client ... 
[2020/02/27 18:59:20][INFO][verifySession]  Starting invocation builder.. 
[2020/02/27 18:59:20][INFO][verifySession]  Sending request ...
[2020/02/27 18:59:20][INFO][verifySession]  Request sent
[2020/02/27 18:59:20][INFO][verifySession]  Recieved status 200
[2020/02/27 18:59:20][INFO][validSession]  getting ... 
[2020/02/27 18:59:20][INFO][validSession]  getting result code 
[2020/02/27 18:59:20][INFO][getResponse]  Building our query ... 
[2020/02/27 18:59:20][INFO][getResponse]  Query:
SELECT * FROM responses WHERE transaction_id = ?
[2020/02/27 18:59:20][INFO][verifySession]  building client ... 
[2020/02/27 18:59:20][INFO][verifySession]  Starting invocation builder.. 
[2020/02/27 18:59:20][INFO][verifySession]  Sending request ...
[2020/02/27 18:59:21][INFO][verifySession]  Request sent
[2020/02/27 18:59:21][INFO][verifySession]  Recieved status 200
[2020/02/27 18:59:21][INFO][validSession]  getting ... 
[2020/02/27 18:59:21][INFO][validSession]  getting result code 
[2020/02/27 18:59:21][INFO][getResponse]  Building our query ... 
[2020/02/27 18:59:21][INFO][getResponse]  Query:
SELECT * FROM responses WHERE transaction_id = ?
[2020/02/27 18:59:21][INFO][verifySession]  building client ... 
[2020/02/27 18:59:21][INFO][verifySession]  Starting invocation builder.. 
[2020/02/27 18:59:21][INFO][verifySession]  Sending request ...
[2020/02/27 18:59:21][INFO][verifySession]  Request sent
[2020/02/27 18:59:21][INFO][verifySession]  Recieved status 200
[2020/02/27 18:59:21][INFO][validSession]  getting ... 
[2020/02/27 18:59:21][INFO][validSession]  getting result code 
[2020/02/27 18:59:21][INFO][getResponse]  Building our query ... 
[2020/02/27 18:59:21][INFO][getResponse]  Query:
SELECT * FROM responses WHERE transaction_id = ?
[2020/02/27 18:59:22][INFO][verifySession]  building client ... 
[2020/02/27 18:59:22][INFO][verifySession]  Starting invocation builder.. 
[2020/02/27 18:59:22][INFO][verifySession]  Sending request ...
[2020/02/27 18:59:22][INFO][verifySession]  Request sent
[2020/02/27 18:59:22][INFO][verifySession]  Recieved status 200
[2020/02/27 18:59:22][INFO][validSession]  getting ... 
[2020/02/27 18:59:22][INFO][validSession]  getting result code 
[2020/02/27 18:59:22][INFO][getResponse]  Building our query ... 
[2020/02/27 18:59:22][INFO][getResponse]  Query:
SELECT * FROM responses WHERE transaction_id = ?
[2020/02/27 18:59:22][INFO][verifySession]  building client ... 
[2020/02/27 18:59:22][INFO][verifySession]  Starting invocation builder.. 
[2020/02/27 18:59:22][INFO][verifySession]  Sending request ...
[2020/02/27 18:59:22][INFO][verifySession]  Request sent
[2020/02/27 18:59:22][INFO][verifySession]  Recieved status 200
[2020/02/27 18:59:22][INFO][validSession]  getting ... 
[2020/02/27 18:59:22][INFO][validSession]  getting result code 
[2020/02/27 18:59:22][INFO][getResponse]  Building our query ... 
[2020/02/27 18:59:22][INFO][getResponse]  Query:
SELECT * FROM responses WHERE transaction_id = ?
[2020/02/27 18:59:23][INFO][verifySession]  building client ... 
[2020/02/27 18:59:23][INFO][verifySession]  Starting invocation builder.. 
[2020/02/27 18:59:23][INFO][verifySession]  Sending request ...
[2020/02/27 18:59:23][INFO][verifySession]  Request sent
[2020/02/27 18:59:23][INFO][verifySession]  Recieved status 200
[2020/02/27 18:59:23][INFO][validSession]  getting ... 
[2020/02/27 18:59:23][INFO][validSession]  getting result code 
[2020/02/27 18:59:23][INFO][getResponse]  Building our query ... 
[2020/02/27 18:59:23][INFO][getResponse]  Query:
SELECT * FROM responses WHERE transaction_id = ?
